<?xml version="1.0" encoding="UTF-8"?>
<!-- Generated by org.testng.reporters.JUnitReportReporter -->
<testsuite hostname="DESKTOP-K9FI4R0" failures="0" tests="1" name="testCases.SampleTest" time="27.980" errors="0" timestamp="2024-12-03T12:52:56 IST" skipped="0">
  <testcase classname="testCases.SampleTest" name="sampleTest" time="27.980"/>
  <system-out/>
</testsuite> <!-- testCases.SampleTest -->
