<?xml version="1.0" encoding="UTF-8"?>
<!-- Generated by org.testng.reporters.JUnitReportReporter -->
<testsuite hostname="DESKTOP-K9FI4R0" failures="0" tests="1" name="testCases.TC006_AddToCart" time="12.902" errors="0" timestamp="2024-12-03T16:37:27 IST" skipped="0">
  <testcase classname="testCases.TC006_AddToCart" name="tC006_AddToCart" time="12.902"/>
  <system-out/>
</testsuite> <!-- testCases.TC006_AddToCart -->
