<?xml version="1.0" encoding="UTF-8"?>
<!-- Generated by org.testng.reporters.JUnitReportReporter -->
<testsuite hostname="DESKTOP-K9FI4R0" failures="0" tests="1" name="testCases.TC002_ValidLoginTest" time="3.794" errors="0" timestamp="2024-12-03T14:48:42 IST" skipped="0">
  <testcase classname="testCases.TC002_ValidLoginTest" name="tC002_validLoginTest" time="3.794"/>
  <system-out/>
</testsuite> <!-- testCases.TC002_ValidLoginTest -->
