<?xml version="1.0" encoding="UTF-8"?>
<!-- Generated by org.testng.reporters.JUnitReportReporter -->
<testsuite hostname="DESKTOP-K9FI4R0" failures="0" tests="1" name="testCases.TC004_PCShoppingWindow" time="1.096" errors="0" timestamp="2024-12-03T14:36:14 IST" skipped="0">
  <testcase classname="testCases.TC004_PCShoppingWindow" name="tc004_pcShoppingWindow" time="1.096"/>
  <system-out/>
</testsuite> <!-- testCases.TC004_PCShoppingWindow -->
