<?xml version="1.0" encoding="UTF-8"?>
<!-- Generated by org.testng.reporters.JUnitReportReporter -->
<testsuite hostname="DESKTOP-K9FI4R0" failures="0" tests="1" name="testCases.TC004_PCShoppingWindow" time="2.498" errors="0" timestamp="2024-11-22T21:57:37 IST" skipped="0">
  <testcase classname="testCases.TC004_PCShoppingWindow" name="tc004_pcShoppingWindow" time="2.498"/>
  <system-out/>
</testsuite> <!-- testCases.TC004_PCShoppingWindow -->
