<?xml version="1.0" encoding="UTF-8"?>
<!-- Generated by org.testng.reporters.JUnitReportReporter -->
<testsuite hostname="DESKTOP-K9FI4R0" failures="0" tests="1" name="testCases.TC006_BuyUnavailableProduct" time="12.772" errors="0" timestamp="2024-12-03T16:21:34 IST" skipped="0">
  <testcase classname="testCases.TC006_BuyUnavailableProduct" name="tC006_BuyUnavailableProduct" time="12.772"/>
  <system-out/>
</testsuite> <!-- testCases.TC006_BuyUnavailableProduct -->
