<?xml version="1.0" encoding="UTF-8"?>
<!-- Generated by org.testng.reporters.JUnitReportReporter -->
<testsuite hostname="DESKTOP-K9FI4R0" failures="0" tests="1" name="testCases.TC001_AccountRegistration" time="3.074" errors="0" timestamp="2024-11-07T12:24:08 IST" skipped="0">
  <testcase classname="testCases.TC001_AccountRegistration" name="TC001_accountRegistration" time="3.074"/>
  <system-out/>
</testsuite> <!-- testCases.TC001_AccountRegistration -->
