<?xml version="1.0" encoding="UTF-8"?>
<!-- Generated by org.testng.reporters.JUnitReportReporter -->
<testsuite hostname="DESKTOP-K9FI4R0" failures="0" tests="1" name="testCases.TC005_MacShoppingWindow" time="0.942" errors="0" timestamp="2024-11-27T22:54:36 IST" skipped="0">
  <testcase classname="testCases.TC005_MacShoppingWindow" name="tC005_MacShoppingWindow" time="0.942"/>
</testsuite> <!-- testCases.TC005_MacShoppingWindow -->
